# JRE version: OpenJDK Runtime Environment (25.0.3) (build 25.0.3+-15898627-b508.16)
# Java VM: OpenJDK 64-Bit Server VM (25.0.3+-15898627-b508.16, mixed mode, tiered, compressed oops, compressed class ptrs, g1 gc, windows-amd64)
GC Precious Log:
 CardTable entry size: 512
 Card Set container configuration: InlinePtr #cards 4 size 8 Array Of Cards #cards 16 size 48 Howl #buckets 8 coarsen threshold 3686 Howl Bitmap #cards 512 size 80 coarsen threshold 460 Card regions per heap region 1 cards per card region 4096
 CPUs: 4 total, 4 available
 Memory: 7934M
 Large Page Support: Disabled
 NUMA Support: Disabled
 Compressed Oops: Enabled (Zero based)
 Heap Region Size: 2M
 Heap Min Capacity: 8M
 Heap Initial Capacity: 124M
 Heap Max Capacity: 4G
 Pre-touch: Disabled
 Parallel Workers: 4
 Concurrent Workers: 1
 Concurrent Refinement Workers: 4
 Periodic GC: Disabled
Heap:
 garbage-first heap   total reserved 4194304K, committed 90112K, used 66924K [0x0000000700000000, 0x0000000800000000)
  region size 2048K, 9 young (18432K), 2 survivors (4096K)
GC Heap Usage History (20 events):
Event: 2.319 {heap Before GC invocations=2 (full 0):
 garbage-first heap   total reserved 4194304K, committed 126976K, used 75019K [0x0000000700000000, 0x0000000800000000)
  region size 2048K, 35 young (71680K), 4 survivors (8192K)
}
Event: 2.328 {heap After GC invocations=3 (full 0):
 garbage-first heap   total reserved 4194304K, committed 126976K, used 12520K [0x0000000700000000, 0x0000000800000000)
  region size 2048K, 1 young (2048K), 1 survivors (2048K)
}
Event: 3.593 {heap Before GC invocations=3 (full 0):
 garbage-first heap   total reserved 4194304K, committed 126976K, used 78056K [0x0000000700000000, 0x0000000800000000)
  region size 2048K, 34 young (69632K), 1 survivors (2048K)
}
Event: 3.601 {heap After GC invocations=4 (full 0):
 garbage-first heap   total reserved 4194304K, committed 126976K, used 20742K [0x0000000700000000, 0x0000000800000000)
  region size 2048K, 5 young (10240K), 5 survivors (10240K)
}
Event: 4.361 {heap Before GC invocations=5 (full 0):
 garbage-first heap   total reserved 4194304K, committed 75776K, used 55558K [0x0000000700000000, 0x0000000800000000)
  region size 2048K, 22 young (45056K), 5 survivors (10240K)
}
Event: 4.371 {heap After GC invocations=6 (full 0):
 garbage-first heap   total reserved 4194304K, committed 75776K, used 23002K [0x0000000700000000, 0x0000000800000000)
  region size 2048K, 2 young (4096K), 2 survivors (4096K)
}
Event: 5.020 {heap Before GC invocations=6 (full 0):
 garbage-first heap   total reserved 4194304K, committed 75776K, used 55770K [0x0000000700000000, 0x0000000800000000)
  region size 2048K, 19 young (38912K), 2 survivors (4096K)
}
Event: 5.025 {heap After GC invocations=7 (full 0):
 garbage-first heap   total reserved 4194304K, committed 75776K, used 24372K [0x0000000700000000, 0x0000000800000000)
  region size 2048K, 2 young (4096K), 2 survivors (4096K)
}
Event: 5.731 {heap Before GC invocations=7 (full 0):
 garbage-first heap   total reserved 4194304K, committed 75776K, used 46900K [0x0000000700000000, 0x0000000800000000)
  region size 2048K, 14 young (28672K), 2 survivors (4096K)
}
Event: 5.737 {heap After GC invocations=8 (full 0):
 garbage-first heap   total reserved 4194304K, committed 75776K, used 25884K [0x0000000700000000, 0x0000000800000000)
  region size 2048K, 2 young (4096K), 2 survivors (4096K)
}
Event: 6.301 {heap Before GC invocations=9 (full 0):
 garbage-first heap   total reserved 4194304K, committed 75776K, used 66844K [0x0000000700000000, 0x0000000800000000)
  region size 2048K, 19 young (38912K), 2 survivors (4096K)
}
Event: 6.306 {heap After GC invocations=10 (full 0):
 garbage-first heap   total reserved 4194304K, committed 77824K, used 36276K [0x0000000700000000, 0x0000000800000000)
  region size 2048K, 3 young (6144K), 3 survivors (6144K)
}
Event: 6.790 {heap Before GC invocations=10 (full 0):
 garbage-first heap   total reserved 4194304K, committed 77824K, used 71092K [0x0000000700000000, 0x0000000800000000)
  region size 2048K, 17 young (34816K), 3 survivors (6144K)
}
Event: 6.801 {heap After GC invocations=11 (full 0):
 garbage-first heap   total reserved 4194304K, committed 88064K, used 50405K [0x0000000700000000, 0x0000000800000000)
  region size 2048K, 3 young (6144K), 3 survivors (6144K)
}
Event: 7.192 {heap Before GC invocations=11 (full 0):
 garbage-first heap   total reserved 4194304K, committed 88064K, used 74981K [0x0000000700000000, 0x0000000800000000)
  region size 2048K, 15 young (30720K), 3 survivors (6144K)
}
Event: 7.195 {heap After GC invocations=12 (full 0):
 garbage-first heap   total reserved 4194304K, committed 88064K, used 51444K [0x0000000700000000, 0x0000000800000000)
  region size 2048K, 1 young (2048K), 1 survivors (2048K)
}
Event: 7.997 {heap Before GC invocations=13 (full 0):
 garbage-first heap   total reserved 4194304K, committed 90112K, used 76020K [0x0000000700000000, 0x0000000800000000)
  region size 2048K, 13 young (26624K), 1 survivors (2048K)
}
Event: 8.001 {heap After GC invocations=14 (full 0):
 garbage-first heap   total reserved 4194304K, committed 90112K, used 52763K [0x0000000700000000, 0x0000000800000000)
  region size 2048K, 2 young (4096K), 2 survivors (4096K)
}
Event: 8.451 {heap Before GC invocations=14 (full 0):
 garbage-first heap   total reserved 4194304K, committed 90112K, used 75291K [0x0000000700000000, 0x0000000800000000)
  region size 2048K, 14 young (28672K), 2 survivors (4096K)
}
Event: 8.460 {heap After GC invocations=15 (full 0):
 garbage-first heap   total reserved 4194304K, committed 90112K, used 54636K [0x0000000700000000, 0x0000000800000000)
  region size 2048K, 2 young (4096K), 2 survivors (4096K)
}

