# JRE version: OpenJDK Runtime Environment (25.0.3) (build 25.0.3+-15898627-b508.16)
# Java VM: OpenJDK 64-Bit Server VM (25.0.3+-15898627-b508.16, mixed mode, tiered, compressed oops, compressed class ptrs, g1 gc, windows-amd64)
GC Precious Log:
 CardTable entry size: 512
 Card Set container configuration: InlinePtr #cards 4 size 8 Array Of Cards #cards 16 size 48 Howl #buckets 8 coarsen threshold 3686 Howl Bitmap #cards 512 size 80 coarsen threshold 460 Card regions per heap region 1 cards per card region 4096
 CPUs: 4 total, 4 available
 Memory: 7934M
 Large Page Support: Disabled
 NUMA Support: Disabled
 Compressed Oops: Enabled (Zero based)
 Heap Region Size: 2M
 Heap Min Capacity: 8M
 Heap Initial Capacity: 124M
 Heap Max Capacity: 4G
 Pre-touch: Disabled
 Parallel Workers: 4
 Concurrent Workers: 1
 Concurrent Refinement Workers: 4
 Periodic GC: Disabled
Heap:
 garbage-first heap   total reserved 4194304K, committed 227328K, used 76482K [0x0000000700000000, 0x0000000800000000)
  region size 2048K, 5 young (10240K), 5 survivors (10240K)
GC Heap Usage History (20 events):
Event: 11.913 {heap After GC invocations=43 (full 0):
 garbage-first heap   total reserved 4194304K, committed 188416K, used 70390K [0x0000000700000000, 0x0000000800000000)
  region size 2048K, 4 young (8192K), 4 survivors (8192K)
}
Event: 12.223 {heap Before GC invocations=43 (full 0):
 garbage-first heap   total reserved 4194304K, committed 188416K, used 174838K [0x0000000700000000, 0x0000000800000000)
  region size 2048K, 55 young (112640K), 4 survivors (8192K)
}
Event: 12.228 {heap After GC invocations=44 (full 0):
 garbage-first heap   total reserved 4194304K, committed 188416K, used 70709K [0x0000000700000000, 0x0000000800000000)
  region size 2048K, 4 young (8192K), 4 survivors (8192K)
}
Event: 12.552 {heap Before GC invocations=45 (full 0):
 garbage-first heap   total reserved 4194304K, committed 188416K, used 175157K [0x0000000700000000, 0x0000000800000000)
  region size 2048K, 55 young (112640K), 4 survivors (8192K)
}
Event: 12.556 {heap After GC invocations=46 (full 0):
 garbage-first heap   total reserved 4194304K, committed 188416K, used 71005K [0x0000000700000000, 0x0000000800000000)
  region size 2048K, 4 young (8192K), 4 survivors (8192K)
}
Event: 12.728 {heap Before GC invocations=46 (full 0):
 garbage-first heap   total reserved 4194304K, committed 188416K, used 173405K [0x0000000700000000, 0x0000000800000000)
  region size 2048K, 54 young (110592K), 4 survivors (8192K)
}
Event: 12.733 {heap After GC invocations=47 (full 0):
 garbage-first heap   total reserved 4194304K, committed 188416K, used 70999K [0x0000000700000000, 0x0000000800000000)
  region size 2048K, 4 young (8192K), 4 survivors (8192K)
}
Event: 13.004 {heap Before GC invocations=48 (full 0):
 garbage-first heap   total reserved 4194304K, committed 188416K, used 173399K [0x0000000700000000, 0x0000000800000000)
  region size 2048K, 54 young (110592K), 4 survivors (8192K)
}
Event: 13.010 {heap After GC invocations=49 (full 0):
 garbage-first heap   total reserved 4194304K, committed 188416K, used 71642K [0x0000000700000000, 0x0000000800000000)
  region size 2048K, 4 young (8192K), 4 survivors (8192K)
}
Event: 13.274 {heap Before GC invocations=49 (full 0):
 garbage-first heap   total reserved 4194304K, committed 188416K, used 174042K [0x0000000700000000, 0x0000000800000000)
  region size 2048K, 54 young (110592K), 4 survivors (8192K)
}
Event: 13.279 {heap After GC invocations=50 (full 0):
 garbage-first heap   total reserved 4194304K, committed 227328K, used 72022K [0x0000000700000000, 0x0000000800000000)
  region size 2048K, 4 young (8192K), 4 survivors (8192K)
}
Event: 13.544 {heap Before GC invocations=51 (full 0):
 garbage-first heap   total reserved 4194304K, committed 227328K, used 198998K [0x0000000700000000, 0x0000000800000000)
  region size 2048K, 66 young (135168K), 4 survivors (8192K)
}
Event: 13.550 {heap After GC invocations=52 (full 0):
 garbage-first heap   total reserved 4194304K, committed 227328K, used 72901K [0x0000000700000000, 0x0000000800000000)
  region size 2048K, 4 young (8192K), 4 survivors (8192K)
}
Event: 13.753 {heap Before GC invocations=52 (full 0):
 garbage-first heap   total reserved 4194304K, committed 227328K, used 199877K [0x0000000700000000, 0x0000000800000000)
  region size 2048K, 66 young (135168K), 4 survivors (8192K)
}
Event: 13.758 {heap After GC invocations=53 (full 0):
 garbage-first heap   total reserved 4194304K, committed 227328K, used 73327K [0x0000000700000000, 0x0000000800000000)
  region size 2048K, 4 young (8192K), 4 survivors (8192K)
}
Event: 14.013 {heap Before GC invocations=53 (full 0):
 garbage-first heap   total reserved 4194304K, committed 227328K, used 200303K [0x0000000700000000, 0x0000000800000000)
  region size 2048K, 66 young (135168K), 4 survivors (8192K)
}
Event: 14.018 {heap After GC invocations=54 (full 0):
 garbage-first heap   total reserved 4194304K, committed 227328K, used 75211K [0x0000000700000000, 0x0000000800000000)
  region size 2048K, 5 young (10240K), 5 survivors (10240K)
}
Event: 14.505 {heap Before GC invocations=54 (full 0):
 garbage-first heap   total reserved 4194304K, committed 227328K, used 200139K [0x0000000700000000, 0x0000000800000000)
  region size 2048K, 66 young (135168K), 5 survivors (10240K)
}
Event: 14.512 {heap After GC invocations=55 (full 0):
 garbage-first heap   total reserved 4194304K, committed 227328K, used 76075K [0x0000000700000000, 0x0000000800000000)
  region size 2048K, 5 young (10240K), 5 survivors (10240K)
}
Event: 14.810 {heap Before GC invocations=55 (full 0):
 garbage-first heap   total reserved 4194304K, committed 227328K, used 201003K [0x0000000700000000, 0x0000000800000000)
  region size 2048K, 66 young (135168K), 5 survivors (10240K)
}

